# JRE version: OpenJDK Runtime Environment Temurin-17.0.8.1+1 (17.0.8.1+1) (build 17.0.8.1+1)
# Java VM: OpenJDK 64-Bit Server VM Temurin-17.0.8.1+1 (17.0.8.1+1, mixed mode, tiered, compressed oops, compressed class ptrs, g1 gc, windows-amd64)
GC Precious Log:
 CPUs: 8 total, 8 available
 Memory: 7918M
 Large Page Support: Disabled
 NUMA Support: Disabled
 Compressed Oops: Enabled (32-bit)
 Heap Region Size: 1M
 Heap Min Capacity: 8M
 Heap Initial Capacity: 124M
 Heap Max Capacity: 1980M
 Pre-touch: Disabled
 Parallel Workers: 8
 Concurrent Workers: 2
 Concurrent Refinement Workers: 8
 Periodic GC: Disabled
Heap:
 garbage-first heap   total 95232K, used 51817K [0x0000000084400000, 0x0000000100000000)
  region size 1024K, 21 young (21504K), 3 survivors (3072K)
 Metaspace       used 82297K, committed 82880K, reserved 1179648K
  class space    used 10872K, committed 11136K, reserved 1048576K
GC Heap History (20 events):
Event: 8.869 GC heap before
{Heap before GC invocations=12 (full 0):
 garbage-first heap   total 61440K, used 20620K [0x0000000084400000, 0x0000000100000000)
  region size 1024K, 4 young (4096K), 3 survivors (3072K)
 Metaspace       used 40805K, committed 41280K, reserved 1114112K
  class space    used 5139K, committed 5376K, reserved 1048576K
}
Event: 8.874 GC heap after
{Heap after GC invocations=13 (full 0):
 garbage-first heap   total 61440K, used 19289K [0x0000000084400000, 0x0000000100000000)
  region size 1024K, 1 young (1024K), 1 survivors (1024K)
 Metaspace       used 40805K, committed 41280K, reserved 1114112K
  class space    used 5139K, committed 5376K, reserved 1048576K
}
Event: 10.835 GC heap before
{Heap before GC invocations=13 (full 0):
 garbage-first heap   total 61440K, used 42841K [0x0000000084400000, 0x0000000100000000)
  region size 1024K, 25 young (25600K), 1 survivors (1024K)
 Metaspace       used 50162K, committed 50624K, reserved 1114112K
  class space    used 6435K, committed 6656K, reserved 1048576K
}
Event: 10.838 GC heap after
{Heap after GC invocations=14 (full 0):
 garbage-first heap   total 61440K, used 20908K [0x0000000084400000, 0x0000000100000000)
  region size 1024K, 2 young (2048K), 2 survivors (2048K)
 Metaspace       used 50162K, committed 50624K, reserved 1114112K
  class space    used 6435K, committed 6656K, reserved 1048576K
}
Event: 11.986 GC heap before
{Heap before GC invocations=14 (full 0):
 garbage-first heap   total 61440K, used 45484K [0x0000000084400000, 0x0000000100000000)
  region size 1024K, 26 young (26624K), 2 survivors (2048K)
 Metaspace       used 56124K, committed 56576K, reserved 1114112K
  class space    used 7198K, committed 7424K, reserved 1048576K
}
Event: 11.990 GC heap after
{Heap after GC invocations=15 (full 0):
 garbage-first heap   total 61440K, used 22494K [0x0000000084400000, 0x0000000100000000)
  region size 1024K, 4 young (4096K), 4 survivors (4096K)
 Metaspace       used 56124K, committed 56576K, reserved 1114112K
  class space    used 7198K, committed 7424K, reserved 1048576K
}
Event: 12.519 GC heap before
{Heap before GC invocations=15 (full 0):
 garbage-first heap   total 61440K, used 34782K [0x0000000084400000, 0x0000000100000000)
  region size 1024K, 17 young (17408K), 4 survivors (4096K)
 Metaspace       used 59696K, committed 60096K, reserved 1114112K
  class space    used 7879K, committed 8064K, reserved 1048576K
}
Event: 12.524 GC heap after
{Heap after GC invocations=16 (full 0):
 garbage-first heap   total 61440K, used 23245K [0x0000000084400000, 0x0000000100000000)
  region size 1024K, 3 young (3072K), 3 survivors (3072K)
 Metaspace       used 59696K, committed 60096K, reserved 1114112K
  class space    used 7879K, committed 8064K, reserved 1048576K
}
Event: 13.276 GC heap before
{Heap before GC invocations=17 (full 0):
 garbage-first heap   total 61440K, used 45773K [0x0000000084400000, 0x0000000100000000)
  region size 1024K, 26 young (26624K), 3 survivors (3072K)
 Metaspace       used 63765K, committed 64256K, reserved 1114112K
  class space    used 8549K, committed 8768K, reserved 1048576K
}
Event: 13.279 GC heap after
{Heap after GC invocations=18 (full 0):
 garbage-first heap   total 61440K, used 24258K [0x0000000084400000, 0x0000000100000000)
  region size 1024K, 2 young (2048K), 2 survivors (2048K)
 Metaspace       used 63765K, committed 64256K, reserved 1114112K
  class space    used 8549K, committed 8768K, reserved 1048576K
}
Event: 13.331 GC heap before
{Heap before GC invocations=18 (full 0):
 garbage-first heap   total 61440K, used 24258K [0x0000000084400000, 0x0000000100000000)
  region size 1024K, 3 young (3072K), 2 survivors (2048K)
 Metaspace       used 63989K, committed 64448K, reserved 1114112K
  class space    used 8584K, committed 8768K, reserved 1048576K
}
Event: 13.335 GC heap after
{Heap after GC invocations=19 (full 0):
 garbage-first heap   total 61440K, used 24318K [0x0000000084400000, 0x0000000100000000)
  region size 1024K, 1 young (1024K), 1 survivors (1024K)
 Metaspace       used 63989K, committed 64448K, reserved 1114112K
  class space    used 8584K, committed 8768K, reserved 1048576K
}
Event: 14.834 GC heap before
{Heap before GC invocations=19 (full 0):
 garbage-first heap   total 61440K, used 46846K [0x0000000084400000, 0x0000000100000000)
  region size 1024K, 24 young (24576K), 1 survivors (1024K)
 Metaspace       used 67472K, committed 68032K, reserved 1114112K
  class space    used 9025K, committed 9280K, reserved 1048576K
}
Event: 14.837 GC heap after
{Heap after GC invocations=20 (full 0):
 garbage-first heap   total 95232K, used 26005K [0x0000000084400000, 0x0000000100000000)
  region size 1024K, 2 young (2048K), 2 survivors (2048K)
 Metaspace       used 67472K, committed 68032K, reserved 1114112K
  class space    used 9025K, committed 9280K, reserved 1048576K
}
Event: 16.110 GC heap before
{Heap before GC invocations=20 (full 0):
 garbage-first heap   total 95232K, used 73109K [0x0000000084400000, 0x0000000100000000)
  region size 1024K, 48 young (49152K), 2 survivors (2048K)
 Metaspace       used 70686K, committed 71168K, reserved 1114112K
  class space    used 9493K, committed 9728K, reserved 1048576K
}
Event: 16.115 GC heap after
{Heap after GC invocations=21 (full 0):
 garbage-first heap   total 95232K, used 28666K [0x0000000084400000, 0x0000000100000000)
  region size 1024K, 5 young (5120K), 5 survivors (5120K)
 Metaspace       used 70686K, committed 71168K, reserved 1114112K
  class space    used 9493K, committed 9728K, reserved 1048576K
}
Event: 27.835 GC heap before
{Heap before GC invocations=21 (full 0):
 garbage-first heap   total 95232K, used 73722K [0x0000000084400000, 0x0000000100000000)
  region size 1024K, 50 young (51200K), 5 survivors (5120K)
 Metaspace       used 79420K, committed 80000K, reserved 1179648K
  class space    used 10682K, committed 10944K, reserved 1048576K
}
Event: 27.850 GC heap after
{Heap after GC invocations=22 (full 0):
 garbage-first heap   total 95232K, used 32372K [0x0000000084400000, 0x0000000100000000)
  region size 1024K, 7 young (7168K), 7 survivors (7168K)
 Metaspace       used 79420K, committed 80000K, reserved 1179648K
  class space    used 10682K, committed 10944K, reserved 1048576K
}
Event: 5328.624 GC heap before
{Heap before GC invocations=22 (full 0):
 garbage-first heap   total 95232K, used 75380K [0x0000000084400000, 0x0000000100000000)
  region size 1024K, 48 young (49152K), 7 survivors (7168K)
 Metaspace       used 82117K, committed 82688K, reserved 1179648K
  class space    used 10872K, committed 11136K, reserved 1048576K
}
Event: 5328.788 GC heap after
{Heap after GC invocations=23 (full 0):
 garbage-first heap   total 95232K, used 34409K [0x0000000084400000, 0x0000000100000000)
  region size 1024K, 3 young (3072K), 3 survivors (3072K)
 Metaspace       used 82117K, committed 82688K, reserved 1179648K
  class space    used 10872K, committed 11136K, reserved 1048576K
}

