# JRE version: OpenJDK Runtime Environment Temurin-17.0.8.1+1 (17.0.8.1+1) (build 17.0.8.1+1)
# Java VM: OpenJDK 64-Bit Server VM Temurin-17.0.8.1+1 (17.0.8.1+1, mixed mode, emulated-client, tiered, compressed oops, compressed class ptrs, g1 gc, windows-amd64)
GC Precious Log:
 CPUs: 8 total, 8 available
 Memory: 7918M
 Large Page Support: Disabled
 NUMA Support: Disabled
 Compressed Oops: Enabled (32-bit)
 Heap Region Size: 1M
 Heap Min Capacity: 8M
 Heap Initial Capacity: 124M
 Heap Max Capacity: 1G
 Pre-touch: Disabled
 Parallel Workers: 8
 Concurrent Workers: 2
 Concurrent Refinement Workers: 8
 Periodic GC: Disabled
Heap:
 garbage-first heap   total 83968K, used 30836K [0x00000000c0000000, 0x0000000100000000)
  region size 1024K, 1 young (1024K), 0 survivors (0K)
 Metaspace       used 56084K, committed 56512K, reserved 1114112K
  class space    used 7171K, committed 7360K, reserved 1048576K
GC Heap History (20 events):
Event: 5327.902 GC heap before
{Heap before GC invocations=511 (full 488):
 garbage-first heap   total 83968K, used 30836K [0x00000000c0000000, 0x0000000100000000)
  region size 1024K, 1 young (1024K), 0 survivors (0K)
 Metaspace       used 56084K, committed 56512K, reserved 1114112K
  class space    used 7171K, committed 7360K, reserved 1048576K
}
Event: 5327.934 GC heap after
{Heap after GC invocations=512 (full 489):
 garbage-first heap   total 83968K, used 30836K [0x00000000c0000000, 0x0000000100000000)
  region size 1024K, 0 young (0K), 0 survivors (0K)
 Metaspace       used 56084K, committed 56512K, reserved 1114112K
  class space    used 7171K, committed 7360K, reserved 1048576K
}
Event: 5338.144 GC heap before
{Heap before GC invocations=512 (full 489):
 garbage-first heap   total 83968K, used 30836K [0x00000000c0000000, 0x0000000100000000)
  region size 1024K, 1 young (1024K), 0 survivors (0K)
 Metaspace       used 56084K, committed 56512K, reserved 1114112K
  class space    used 7171K, committed 7360K, reserved 1048576K
}
Event: 5338.181 GC heap after
{Heap after GC invocations=513 (full 490):
 garbage-first heap   total 83968K, used 30836K [0x00000000c0000000, 0x0000000100000000)
  region size 1024K, 0 young (0K), 0 survivors (0K)
 Metaspace       used 56084K, committed 56512K, reserved 1114112K
  class space    used 7171K, committed 7360K, reserved 1048576K
}
Event: 5348.456 GC heap before
{Heap before GC invocations=513 (full 490):
 garbage-first heap   total 83968K, used 30836K [0x00000000c0000000, 0x0000000100000000)
  region size 1024K, 1 young (1024K), 0 survivors (0K)
 Metaspace       used 56084K, committed 56512K, reserved 1114112K
  class space    used 7171K, committed 7360K, reserved 1048576K
}
Event: 5348.512 GC heap after
{Heap after GC invocations=514 (full 491):
 garbage-first heap   total 83968K, used 30836K [0x00000000c0000000, 0x0000000100000000)
  region size 1024K, 0 young (0K), 0 survivors (0K)
 Metaspace       used 56084K, committed 56512K, reserved 1114112K
  class space    used 7171K, committed 7360K, reserved 1048576K
}
Event: 5359.097 GC heap before
{Heap before GC invocations=514 (full 491):
 garbage-first heap   total 83968K, used 30836K [0x00000000c0000000, 0x0000000100000000)
  region size 1024K, 1 young (1024K), 0 survivors (0K)
 Metaspace       used 56084K, committed 56512K, reserved 1114112K
  class space    used 7171K, committed 7360K, reserved 1048576K
}
Event: 5359.198 GC heap after
{Heap after GC invocations=515 (full 492):
 garbage-first heap   total 83968K, used 30836K [0x00000000c0000000, 0x0000000100000000)
  region size 1024K, 0 young (0K), 0 survivors (0K)
 Metaspace       used 56084K, committed 56512K, reserved 1114112K
  class space    used 7171K, committed 7360K, reserved 1048576K
}
Event: 5369.410 GC heap before
{Heap before GC invocations=515 (full 492):
 garbage-first heap   total 83968K, used 30836K [0x00000000c0000000, 0x0000000100000000)
  region size 1024K, 1 young (1024K), 0 survivors (0K)
 Metaspace       used 56084K, committed 56512K, reserved 1114112K
  class space    used 7171K, committed 7360K, reserved 1048576K
}
Event: 5369.446 GC heap after
{Heap after GC invocations=516 (full 493):
 garbage-first heap   total 83968K, used 30836K [0x00000000c0000000, 0x0000000100000000)
  region size 1024K, 0 young (0K), 0 survivors (0K)
 Metaspace       used 56084K, committed 56512K, reserved 1114112K
  class space    used 7171K, committed 7360K, reserved 1048576K
}
Event: 5379.756 GC heap before
{Heap before GC invocations=516 (full 493):
 garbage-first heap   total 83968K, used 30836K [0x00000000c0000000, 0x0000000100000000)
  region size 1024K, 1 young (1024K), 0 survivors (0K)
 Metaspace       used 56084K, committed 56512K, reserved 1114112K
  class space    used 7171K, committed 7360K, reserved 1048576K
}
Event: 5379.812 GC heap after
{Heap after GC invocations=517 (full 494):
 garbage-first heap   total 83968K, used 30836K [0x00000000c0000000, 0x0000000100000000)
  region size 1024K, 0 young (0K), 0 survivors (0K)
 Metaspace       used 56084K, committed 56512K, reserved 1114112K
  class space    used 7171K, committed 7360K, reserved 1048576K
}
Event: 5390.163 GC heap before
{Heap before GC invocations=517 (full 494):
 garbage-first heap   total 83968K, used 30836K [0x00000000c0000000, 0x0000000100000000)
  region size 1024K, 1 young (1024K), 0 survivors (0K)
 Metaspace       used 56084K, committed 56512K, reserved 1114112K
  class space    used 7171K, committed 7360K, reserved 1048576K
}
Event: 5390.231 GC heap after
{Heap after GC invocations=518 (full 495):
 garbage-first heap   total 83968K, used 30836K [0x00000000c0000000, 0x0000000100000000)
  region size 1024K, 0 young (0K), 0 survivors (0K)
 Metaspace       used 56084K, committed 56512K, reserved 1114112K
  class space    used 7171K, committed 7360K, reserved 1048576K
}
Event: 5400.661 GC heap before
{Heap before GC invocations=518 (full 495):
 garbage-first heap   total 83968K, used 30836K [0x00000000c0000000, 0x0000000100000000)
  region size 1024K, 1 young (1024K), 0 survivors (0K)
 Metaspace       used 56084K, committed 56512K, reserved 1114112K
  class space    used 7171K, committed 7360K, reserved 1048576K
}
Event: 5400.755 GC heap after
{Heap after GC invocations=519 (full 496):
 garbage-first heap   total 83968K, used 30836K [0x00000000c0000000, 0x0000000100000000)
  region size 1024K, 0 young (0K), 0 survivors (0K)
 Metaspace       used 56084K, committed 56512K, reserved 1114112K
  class space    used 7171K, committed 7360K, reserved 1048576K
}
Event: 5411.005 GC heap before
{Heap before GC invocations=519 (full 496):
 garbage-first heap   total 83968K, used 30836K [0x00000000c0000000, 0x0000000100000000)
  region size 1024K, 1 young (1024K), 0 survivors (0K)
 Metaspace       used 56084K, committed 56512K, reserved 1114112K
  class space    used 7171K, committed 7360K, reserved 1048576K
}
Event: 5411.053 GC heap after
{Heap after GC invocations=520 (full 497):
 garbage-first heap   total 83968K, used 30836K [0x00000000c0000000, 0x0000000100000000)
  region size 1024K, 0 young (0K), 0 survivors (0K)
 Metaspace       used 56084K, committed 56512K, reserved 1114112K
  class space    used 7171K, committed 7360K, reserved 1048576K
}
Event: 5421.293 GC heap before
{Heap before GC invocations=520 (full 497):
 garbage-first heap   total 83968K, used 30836K [0x00000000c0000000, 0x0000000100000000)
  region size 1024K, 1 young (1024K), 0 survivors (0K)
 Metaspace       used 56084K, committed 56512K, reserved 1114112K
  class space    used 7171K, committed 7360K, reserved 1048576K
}
Event: 5421.348 GC heap after
{Heap after GC invocations=521 (full 498):
 garbage-first heap   total 83968K, used 30836K [0x00000000c0000000, 0x0000000100000000)
  region size 1024K, 0 young (0K), 0 survivors (0K)
 Metaspace       used 56084K, committed 56512K, reserved 1114112K
  class space    used 7171K, committed 7360K, reserved 1048576K
}

